# JRE version: Java(TM) SE Runtime Environment (21.0.6+8) (build 21.0.6+8-LTS-188)
# Java VM: Java HotSpot(TM) 64-Bit Server VM (21.0.6+8-LTS-188, mixed mode, sharing, tiered, compressed oops, compressed class ptrs, g1 gc, windows-amd64)
GC Precious Log:
 CardTable entry size: 512
 Card Set container configuration: InlinePtr #cards 4 size 8 Array Of Cards #cards 32 size 80 Howl #buckets 8 coarsen threshold 7372 Howl Bitmap #cards 1024 size 144 coarsen threshold 921 Card regions per heap region 1 cards per card region 8192
 CPUs: 2 total, 2 available
 Memory: 8063M
 Large Page Support: Disabled
 NUMA Support: Disabled
 Compressed Oops: Enabled (Zero based)
 Heap Region Size: 4M
 Heap Min Capacity: 8M
 Heap Initial Capacity: 128M
 Heap Max Capacity: 5G
 Pre-touch: Disabled
 Parallel Workers: 2
 Concurrent Workers: 1
 Concurrent Refinement Workers: 2
 Periodic GC: Disabled
Heap:
 garbage-first heap   total 593920K, used 241664K [0x00000006c0000000, 0x0000000800000000)
  region size 4096K, 11 young (45056K), 11 survivors (45056K)
 Metaspace       used 93034K, committed 95424K, reserved 1179648K
  class space    used 12783K, committed 13952K, reserved 1048576K
GC Heap History (20 events):
Event: 352.465 GC heap after
{Heap after GC invocations=42 (full 0):
 garbage-first heap   total 335872K, used 131056K [0x00000006c0000000, 0x0000000800000000)
  region size 4096K, 3 young (12288K), 3 survivors (12288K)
 Metaspace       used 85450K, committed 87808K, reserved 1179648K
  class space    used 11834K, committed 12992K, reserved 1048576K
}
Event: 353.137 GC heap before
{Heap before GC invocations=43 (full 0):
 garbage-first heap   total 335872K, used 163824K [0x00000006c0000000, 0x0000000800000000)
  region size 4096K, 4 young (16384K), 3 survivors (12288K)
 Metaspace       used 85450K, committed 87808K, reserved 1179648K
  class space    used 11834K, committed 12992K, reserved 1048576K
}
Event: 353.152 GC heap after
{Heap after GC invocations=44 (full 0):
 garbage-first heap   total 405504K, used 130224K [0x00000006c0000000, 0x0000000800000000)
  region size 4096K, 3 young (12288K), 3 survivors (12288K)
 Metaspace       used 85450K, committed 87808K, reserved 1179648K
  class space    used 11834K, committed 12992K, reserved 1048576K
}
Event: 354.213 GC heap before
{Heap before GC invocations=44 (full 0):
 garbage-first heap   total 405504K, used 187568K [0x00000006c0000000, 0x0000000800000000)
  region size 4096K, 4 young (16384K), 3 survivors (12288K)
 Metaspace       used 85450K, committed 87808K, reserved 1179648K
  class space    used 11834K, committed 12992K, reserved 1048576K
}
Event: 354.229 GC heap after
{Heap after GC invocations=45 (full 0):
 garbage-first heap   total 405504K, used 131072K [0x00000006c0000000, 0x0000000800000000)
  region size 4096K, 3 young (12288K), 3 survivors (12288K)
 Metaspace       used 85450K, committed 87808K, reserved 1179648K
  class space    used 11834K, committed 12992K, reserved 1048576K
}
Event: 354.415 GC heap before
{Heap before GC invocations=45 (full 0):
 garbage-first heap   total 405504K, used 139264K [0x00000006c0000000, 0x0000000800000000)
  region size 4096K, 4 young (16384K), 3 survivors (12288K)
 Metaspace       used 85450K, committed 87808K, reserved 1179648K
  class space    used 11834K, committed 12992K, reserved 1048576K
}
Event: 354.429 GC heap after
{Heap after GC invocations=46 (full 0):
 garbage-first heap   total 405504K, used 131075K [0x00000006c0000000, 0x0000000800000000)
  region size 4096K, 3 young (12288K), 3 survivors (12288K)
 Metaspace       used 85450K, committed 87808K, reserved 1179648K
  class space    used 11834K, committed 12992K, reserved 1048576K
}
Event: 354.716 GC heap before
{Heap before GC invocations=46 (full 0):
 garbage-first heap   total 405504K, used 188419K [0x00000006c0000000, 0x0000000800000000)
  region size 4096K, 4 young (16384K), 3 survivors (12288K)
 Metaspace       used 85451K, committed 87808K, reserved 1179648K
  class space    used 11834K, committed 12992K, reserved 1048576K
}
Event: 354.728 GC heap after
{Heap after GC invocations=47 (full 0):
 garbage-first heap   total 405504K, used 130227K [0x00000006c0000000, 0x0000000800000000)
  region size 4096K, 3 young (12288K), 3 survivors (12288K)
 Metaspace       used 85451K, committed 87808K, reserved 1179648K
  class space    used 11834K, committed 12992K, reserved 1048576K
}
Event: 354.926 GC heap before
{Heap before GC invocations=47 (full 0):
 garbage-first heap   total 405504K, used 142515K [0x00000006c0000000, 0x0000000800000000)
  region size 4096K, 4 young (16384K), 3 survivors (12288K)
 Metaspace       used 85451K, committed 87808K, reserved 1179648K
  class space    used 11834K, committed 12992K, reserved 1048576K
}
Event: 354.941 GC heap after
{Heap after GC invocations=48 (full 0):
 garbage-first heap   total 552960K, used 131093K [0x00000006c0000000, 0x0000000800000000)
  region size 4096K, 3 young (12288K), 3 survivors (12288K)
 Metaspace       used 85451K, committed 87808K, reserved 1179648K
  class space    used 11834K, committed 12992K, reserved 1048576K
}
Event: 599.145 GC heap before
{Heap before GC invocations=48 (full 0):
 garbage-first heap   total 552960K, used 376853K [0x00000006c0000000, 0x0000000800000000)
  region size 4096K, 53 young (217088K), 3 survivors (12288K)
 Metaspace       used 91801K, committed 94272K, reserved 1179648K
  class space    used 12576K, committed 13760K, reserved 1048576K
}
Event: 599.186 GC heap after
{Heap after GC invocations=49 (full 0):
 garbage-first heap   total 552960K, used 140148K [0x00000006c0000000, 0x0000000800000000)
  region size 4096K, 5 young (20480K), 5 survivors (20480K)
 Metaspace       used 91801K, committed 94272K, reserved 1179648K
  class space    used 12576K, committed 13760K, reserved 1048576K
}
Event: 600.895 GC heap before
{Heap before GC invocations=49 (full 0):
 garbage-first heap   total 552960K, used 185204K [0x00000006c0000000, 0x0000000800000000)
  region size 4096K, 9 young (36864K), 5 survivors (20480K)
 Metaspace       used 91965K, committed 94400K, reserved 1179648K
  class space    used 12577K, committed 13760K, reserved 1048576K
}
Event: 600.928 GC heap after
{Heap after GC invocations=50 (full 0):
 garbage-first heap   total 552960K, used 140588K [0x00000006c0000000, 0x0000000800000000)
  region size 4096K, 5 young (20480K), 5 survivors (20480K)
 Metaspace       used 91965K, committed 94400K, reserved 1179648K
  class space    used 12577K, committed 13760K, reserved 1048576K
}
Event: 601.113 GC heap before
{Heap before GC invocations=50 (full 0):
 garbage-first heap   total 552960K, used 181548K [0x00000006c0000000, 0x0000000800000000)
  region size 4096K, 7 young (28672K), 5 survivors (20480K)
 Metaspace       used 91970K, committed 94400K, reserved 1179648K
  class space    used 12577K, committed 13760K, reserved 1048576K
}
Event: 601.138 GC heap after
{Heap after GC invocations=51 (full 0):
 garbage-first heap   total 552960K, used 142773K [0x00000006c0000000, 0x0000000800000000)
  region size 4096K, 4 young (16384K), 4 survivors (16384K)
 Metaspace       used 91970K, committed 94400K, reserved 1179648K
  class space    used 12577K, committed 13760K, reserved 1048576K
}
Event: 601.291 GC heap before
{Heap before GC invocations=51 (full 0):
 garbage-first heap   total 552960K, used 175541K [0x00000006c0000000, 0x0000000800000000)
  region size 4096K, 5 young (20480K), 4 survivors (16384K)
 Metaspace       used 91970K, committed 94400K, reserved 1179648K
  class space    used 12577K, committed 13760K, reserved 1048576K
}
Event: 601.311 GC heap after
{Heap after GC invocations=52 (full 0):
 garbage-first heap   total 552960K, used 141458K [0x00000006c0000000, 0x0000000800000000)
  region size 4096K, 4 young (16384K), 4 survivors (16384K)
 Metaspace       used 91970K, committed 94400K, reserved 1179648K
  class space    used 12577K, committed 13760K, reserved 1048576K
}
Event: 603.127 GC heap before
{Heap before GC invocations=52 (full 0):
 garbage-first heap   total 552960K, used 477330K [0x00000006c0000000, 0x0000000800000000)
  region size 4096K, 81 young (331776K), 4 survivors (16384K)
 Metaspace       used 93034K, committed 95424K, reserved 1179648K
  class space    used 12783K, committed 13952K, reserved 1048576K
}

