# JRE version: Java(TM) SE Runtime Environment (21.0.6+8) (build 21.0.6+8-LTS-188)
# Java VM: Java HotSpot(TM) 64-Bit Server VM (21.0.6+8-LTS-188, mixed mode, sharing, tiered, compressed oops, compressed class ptrs, g1 gc, windows-amd64)
GC Precious Log:
 CardTable entry size: 512
 Card Set container configuration: InlinePtr #cards 4 size 8 Array Of Cards #cards 32 size 80 Howl #buckets 8 coarsen threshold 7372 Howl Bitmap #cards 1024 size 144 coarsen threshold 921 Card regions per heap region 1 cards per card region 8192
 CPUs: 2 total, 2 available
 Memory: 8063M
 Large Page Support: Disabled
 NUMA Support: Disabled
 Compressed Oops: Enabled (Zero based)
 Heap Region Size: 4M
 Heap Min Capacity: 8M
 Heap Initial Capacity: 128M
 Heap Max Capacity: 5G
 Pre-touch: Disabled
 Parallel Workers: 2
 Concurrent Workers: 1
 Concurrent Refinement Workers: 2
 Periodic GC: Disabled
Heap:
 garbage-first heap   total 524288K, used 329728K [0x00000006c0000000, 0x0000000800000000)
  region size 4096K, 4 young (16384K), 4 survivors (16384K)
 Metaspace       used 78425K, committed 80640K, reserved 1179648K
  class space    used 10916K, committed 12032K, reserved 1048576K
GC Heap History (20 events):
Event: 36.626 GC heap after
{Heap after GC invocations=33 (full 0):
 garbage-first heap   total 118784K, used 65490K [0x00000006c0000000, 0x0000000800000000)
  region size 4096K, 1 young (4096K), 1 survivors (4096K)
 Metaspace       used 73791K, committed 75904K, reserved 1114112K
  class space    used 10271K, committed 11328K, reserved 1048576K
}
Event: 38.252 GC heap before
{Heap before GC invocations=34 (full 0):
 garbage-first heap   total 188416K, used 180178K [0x00000006c0000000, 0x0000000800000000)
  region size 4096K, 8 young (32768K), 1 survivors (4096K)
 Metaspace       used 75890K, committed 78016K, reserved 1179648K
  class space    used 10477K, committed 11520K, reserved 1048576K
}
Event: 38.263 GC heap after
{Heap after GC invocations=35 (full 0):
 garbage-first heap   total 196608K, used 100415K [0x00000006c0000000, 0x0000000800000000)
  region size 4096K, 2 young (8192K), 2 survivors (8192K)
 Metaspace       used 75890K, committed 78016K, reserved 1179648K
  class space    used 10477K, committed 11520K, reserved 1048576K
}
Event: 40.501 GC heap before
{Heap before GC invocations=35 (full 0):
 garbage-first heap   total 196608K, used 186431K [0x00000006c0000000, 0x0000000800000000)
  region size 4096K, 13 young (53248K), 2 survivors (8192K)
 Metaspace       used 78164K, committed 80384K, reserved 1179648K
  class space    used 10892K, committed 11968K, reserved 1048576K
}
Event: 40.546 GC heap after
{Heap after GC invocations=36 (full 0):
 garbage-first heap   total 225280K, used 89186K [0x00000006c0000000, 0x0000000800000000)
  region size 4096K, 3 young (12288K), 3 survivors (12288K)
 Metaspace       used 78164K, committed 80384K, reserved 1179648K
  class space    used 10892K, committed 11968K, reserved 1048576K
}
Event: 40.747 GC heap before
{Heap before GC invocations=36 (full 0):
 garbage-first heap   total 225280K, used 183394K [0x00000006c0000000, 0x0000000800000000)
  region size 4096K, 26 young (106496K), 3 survivors (12288K)
 Metaspace       used 78240K, committed 80448K, reserved 1179648K
  class space    used 10899K, committed 11968K, reserved 1048576K
}
Event: 40.846 GC heap after
{Heap after GC invocations=37 (full 0):
 garbage-first heap   total 262144K, used 153600K [0x00000006c0000000, 0x0000000800000000)
  region size 4096K, 4 young (16384K), 4 survivors (16384K)
 Metaspace       used 78240K, committed 80448K, reserved 1179648K
  class space    used 10899K, committed 11968K, reserved 1048576K
}
Event: 40.998 GC heap before
{Heap before GC invocations=37 (full 0):
 garbage-first heap   total 262144K, used 202752K [0x00000006c0000000, 0x0000000800000000)
  region size 4096K, 16 young (65536K), 4 survivors (16384K)
 Metaspace       used 78240K, committed 80448K, reserved 1179648K
  class space    used 10899K, committed 11968K, reserved 1048576K
}
Event: 41.067 GC heap after
{Heap after GC invocations=38 (full 0):
 garbage-first heap   total 524288K, used 190464K [0x00000006c0000000, 0x0000000800000000)
  region size 4096K, 2 young (8192K), 2 survivors (8192K)
 Metaspace       used 78240K, committed 80448K, reserved 1179648K
  class space    used 10899K, committed 11968K, reserved 1048576K
}
Event: 42.121 GC heap before
{Heap before GC invocations=39 (full 0):
 garbage-first heap   total 524288K, used 317440K [0x00000006c0000000, 0x0000000800000000)
  region size 4096K, 31 young (126976K), 2 survivors (8192K)
 Metaspace       used 78390K, committed 80576K, reserved 1179648K
  class space    used 10912K, committed 11968K, reserved 1048576K
}
Event: 42.234 GC heap after
{Heap after GC invocations=40 (full 0):
 garbage-first heap   total 524288K, used 262144K [0x00000006c0000000, 0x0000000800000000)
  region size 4096K, 4 young (16384K), 4 survivors (16384K)
 Metaspace       used 78390K, committed 80576K, reserved 1179648K
  class space    used 10912K, committed 11968K, reserved 1048576K
}
Event: 42.418 GC heap before
{Heap before GC invocations=40 (full 0):
 garbage-first heap   total 524288K, used 339968K [0x00000006c0000000, 0x0000000800000000)
  region size 4096K, 23 young (94208K), 4 survivors (16384K)
 Metaspace       used 78394K, committed 80576K, reserved 1179648K
  class space    used 10912K, committed 11968K, reserved 1048576K
}
Event: 42.503 GC heap after
{Heap after GC invocations=41 (full 0):
 garbage-first heap   total 524288K, used 282624K [0x00000006c0000000, 0x0000000800000000)
  region size 4096K, 3 young (12288K), 3 survivors (12288K)
 Metaspace       used 78394K, committed 80576K, reserved 1179648K
  class space    used 10912K, committed 11968K, reserved 1048576K
}
Event: 42.644 GC heap before
{Heap before GC invocations=41 (full 0):
 garbage-first heap   total 524288K, used 376832K [0x00000006c0000000, 0x0000000800000000)
  region size 4096K, 26 young (106496K), 3 survivors (12288K)
 Metaspace       used 78394K, committed 80576K, reserved 1179648K
  class space    used 10912K, committed 11968K, reserved 1048576K
}
Event: 42.684 GC heap after
{Heap after GC invocations=42 (full 0):
 garbage-first heap   total 524288K, used 305152K [0x00000006c0000000, 0x0000000800000000)
  region size 4096K, 4 young (16384K), 4 survivors (16384K)
 Metaspace       used 78394K, committed 80576K, reserved 1179648K
  class space    used 10912K, committed 11968K, reserved 1048576K
}
Event: 43.447 GC heap before
{Heap before GC invocations=43 (full 0):
 garbage-first heap   total 524288K, used 395264K [0x00000006c0000000, 0x0000000800000000)
  region size 4096K, 27 young (110592K), 4 survivors (16384K)
 Metaspace       used 78394K, committed 80576K, reserved 1179648K
  class space    used 10912K, committed 11968K, reserved 1048576K
}
Event: 43.494 GC heap after
{Heap after GC invocations=44 (full 0):
 garbage-first heap   total 524288K, used 323584K [0x00000006c0000000, 0x0000000800000000)
  region size 4096K, 4 young (16384K), 4 survivors (16384K)
 Metaspace       used 78394K, committed 80576K, reserved 1179648K
  class space    used 10912K, committed 11968K, reserved 1048576K
}
Event: 43.717 GC heap before
{Heap before GC invocations=44 (full 0):
 garbage-first heap   total 524288K, used 417792K [0x00000006c0000000, 0x0000000800000000)
  region size 4096K, 27 young (110592K), 4 survivors (16384K)
 Metaspace       used 78394K, committed 80576K, reserved 1179648K
  class space    used 10912K, committed 11968K, reserved 1048576K
}
Event: 43.841 GC heap after
{Heap after GC invocations=45 (full 0):
 garbage-first heap   total 524288K, used 327680K [0x00000006c0000000, 0x0000000800000000)
  region size 4096K, 4 young (16384K), 4 survivors (16384K)
 Metaspace       used 78394K, committed 80576K, reserved 1179648K
  class space    used 10912K, committed 11968K, reserved 1048576K
}
Event: 44.216 GC heap before
{Heap before GC invocations=45 (full 0):
 garbage-first heap   total 524288K, used 417792K [0x00000006c0000000, 0x0000000800000000)
  region size 4096K, 26 young (106496K), 4 survivors (16384K)
 Metaspace       used 78425K, committed 80640K, reserved 1179648K
  class space    used 10916K, committed 12032K, reserved 1048576K
}

